<?xml version="1.0" encoding="UTF-8"?>
<!-- Generated by org.testng.reporters.JUnitXMLReporter -->
<testsuite ignored="1" hostname="LAPTOP-2V6N1QMB" failures="0" tests="3" name="Test" time="0.099" errors="0" timestamp="2022-09-05T17:00:43 IST">
  <testcase classname="bookings.BookFlight" name="Book_Flight_RoundTrip_TestCase1" time="0.011"/>
  <testcase classname="bookings.BookFlight" name="Book_Flight_RoundTrip_TestCase2" time="0.002"/>
  <testcase classname="exercise.MaximumOfTwo" name="testFindMax" time="0.006"/>
  <testcase classname="bookings.BookFlight" name="Book_Flight_OneWay_TestCase3" time="0.0">
    <ignored/>
  </testcase> <!-- Book_Flight_OneWay_TestCase3 -->
</testsuite> <!-- Test -->
